<?xml version="1.0" encoding="UTF-8"?>
<testsuite xmlns:xsi="http://www.w3.org/2001/XMLSchema-instance" xsi:noNamespaceSchemaLocation="https://maven.apache.org/surefire/maven-surefire-plugin/xsd/surefire-test-report.xsd" version="3.0.2" name="com.springboot.Jwd68SpringbootApplicationTests" time="2.642" tests="1" errors="0" skipped="0" failures="0" flakes="0">
  <properties>
[...]
</properties>
  <testcase name="contextLoads" classname="com.springboot.Jwd68SpringbootApplicationTests" time="0.632">
    <system-out><![CDATA[09:35:06.032 [main] INFO org.springframework.test.context.support.AnnotationConfigContextLoaderUtils -- Could not detect default configuration classes for test class [com.springboot.Jwd68SpringbootApplicationTests]: Jwd68SpringbootApplicationTests does not declare any static, non-private, non-final, nested classes annotated with @Configuration.
09:35:06.163 [main] INFO org.springframework.boot.test.context.SpringBootTestContextBootstrapper -- Found @SpringBootConfiguration com.springboot.Jwd68SpringbootApplication for test class com.springboot.Jwd68SpringbootApplicationTests
09:35:06.236 [main] INFO org.springframework.test.context.support.AnnotationConfigContextLoaderUtils -- Could not detect default configuration classes for test class [com.springboot.Jwd68SpringbootApplicationTests]: Jwd68SpringbootApplicationTests does not declare any static, non-private, non-final, nested classes annotated with @Configuration.
09:35:06.238 [main] INFO org.springframework.boot.test.context.SpringBootTestContextBootstrapper -- Found @SpringBootConfiguration com.springboot.Jwd68SpringbootApplication for test class com.springboot.Jwd68SpringbootApplicationTests
09:35:06.311 [main] INFO org.springframework.boot.devtools.restart.RestartApplicationListener -- Restart disabled due to context in which it is running

  .   ____          _            __ _ _
 /\\ / ___'_ __ _ _(_)_ __  __ _ \ \ \ \
( ( )\___ | '_ | '_| | '_ \/ _` | \ \ \ \
 \\/  ___)| |_)| | | | | || (_| |  ) ) ) )
  '  |____| .__|_| |_|_| |_\__, | / / / /
 =========|_|==============|___/=/_/_/_/

 :: Spring Boot ::                (v4.0.6)

2026-06-04T09:35:06.590+06:30  INFO 22712 --- [JWD68_Springboot] [           main] c.s.Jwd68SpringbootApplicationTests      : Starting Jwd68SpringbootApplicationTests using Java 21.0.5 with PID 22712 (started by User in D:\ACE Inspiration\Frontend Workspace\JWD_68\JWD68_Springboot\JWD68_Springboot)
2026-06-04T09:35:06.591+06:30  INFO 22712 --- [JWD68_Springboot] [           main] c.s.Jwd68SpringbootApplicationTests      : No active profile set, falling back to 1 default profile: "default"
2026-06-04T09:35:07.471+06:30  INFO 22712 --- [JWD68_Springboot] [           main] o.s.b.w.a.WelcomePageHandlerMapping      : Adding welcome page template: index
2026-06-04T09:35:07.798+06:30  INFO 22712 --- [JWD68_Springboot] [           main] c.s.Jwd68SpringbootApplicationTests      : Started Jwd68SpringbootApplicationTests in 1.498 seconds (process running for 2.619)
]]></system-out>
    <system-err><![CDATA[Mockito is currently self-attaching to enable the inline-mock-maker. This will no longer work in future releases of the JDK. Please add Mockito as an agent to your build as described in Mockito's documentation: https://javadoc.io/doc/org.mockito/mockito-core/latest/org.mockito/org/mockito/Mockito.html#0.3
WARNING: A Java agent has been loaded dynamically (C:\Users\User\.m2\repository\net\bytebuddy\byte-buddy-agent\1.17.8\byte-buddy-agent-1.17.8.jar)
WARNING: If a serviceability tool is in use, please run with -XX:+EnableDynamicAgentLoading to hide this warning
WARNING: If a serviceability tool is not in use, please run with -Djdk.instrument.traceUsage for more information
WARNING: Dynamic loading of agents will be disallowed by default in a future release
]]></system-err>
  </testcase>
</testsuite>